<?xml version="1.0" encoding="UTF-8"?>
<testng-results skipped="0" failed="0" ignored="0" total="3" passed="3">
  <reporter-output>
  </reporter-output>
  <suite name="Suite" duration-ms="906269" started-at="2019-12-28T07:44:54Z" finished-at="2019-12-28T08:00:01Z">
    <groups>
    </groups>
    <test name="HotelSearchTest" duration-ms="906269" started-at="2019-12-28T07:44:54Z" finished-at="2019-12-28T08:00:01Z">
      <class name="com.selenium.test.SearchHotelTest">
        <test-method status="PASS" signature="beforeTest(java.lang.String, java.lang.String)[pri:0, instance:com.selenium.test.SearchHotelTest@59ec2012]" name="beforeTest" is-config="true" duration-ms="14356" started-at="2019-12-28T07:44:54Z" finished-at="2019-12-28T07:45:09Z">
          <params>
            <param index="0">
              <value>
                <![CDATA[src/CleartripTestData.xlsx]]>
              </value>
            </param>
            <param index="1">
              <value>
                <![CDATA[HotelSearch]]>
              </value>
            </param>
          </params>
          <reporter-output>
          </reporter-output>
        </test-method> <!-- beforeTest -->
        <test-method status="PASS" signature="beforeMethod(java.lang.String, java.lang.String)[pri:0, instance:com.selenium.test.SearchHotelTest@59ec2012]" name="beforeMethod" is-config="true" duration-ms="32708" started-at="2019-12-28T07:45:11Z" finished-at="2019-12-28T07:45:43Z">
          <params>
            <param index="0">
              <value>
                <![CDATA[kaushik.0407@gmail.com]]>
              </value>
            </param>
            <param index="1">
              <value>
                <![CDATA[K@ush1k92]]>
              </value>
            </param>
          </params>
          <reporter-output>
          </reporter-output>
        </test-method> <!-- beforeMethod -->
        <test-method status="PASS" signature="Test2(java.lang.String, java.lang.String, java.lang.String, java.lang.String)[pri:0, instance:com.selenium.test.SearchHotelTest@59ec2012]" name="Test2" duration-ms="86362" started-at="2019-12-28T07:45:43Z" data-provider="getTestdata" finished-at="2019-12-28T07:47:10Z">
          <params>
            <param index="0">
              <value>
                <![CDATA[Mandarmoni]]>
              </value>
            </param>
            <param index="1">
              <value>
                <![CDATA[15/01/2020]]>
              </value>
            </param>
            <param index="2">
              <value>
                <![CDATA[02/02/2020]]>
              </value>
            </param>
            <param index="3">
              <value>
                <![CDATA[2 rooms, 4 adults]]>
              </value>
            </param>
          </params>
          <reporter-output>
          </reporter-output>
        </test-method> <!-- Test2 -->
        <test-method status="PASS" signature="afterTest(org.testng.ITestResult)[pri:0, instance:com.selenium.test.SearchHotelTest@59ec2012]" name="afterTest" is-config="true" duration-ms="33148" started-at="2019-12-28T07:47:10Z" finished-at="2019-12-28T07:47:43Z">
          <params>
            <param index="0">
              <value>
                <![CDATA[[TestResult name=Test2 status=SUCCESS method=SearchHotelTest.Test2(java.lang.String, java.lang.String, java.lang.String, java.lang.String)[pri:0, instance:com.selenium.test.SearchHotelTest@59ec2012] output={null}]]]>
              </value>
            </param>
          </params>
          <reporter-output>
          </reporter-output>
        </test-method> <!-- afterTest -->
        <test-method status="PASS" signature="beforeMethod(java.lang.String, java.lang.String)[pri:0, instance:com.selenium.test.SearchHotelTest@59ec2012]" name="beforeMethod" is-config="true" duration-ms="25257" started-at="2019-12-28T07:47:43Z" finished-at="2019-12-28T07:48:08Z">
          <params>
            <param index="0">
              <value>
                <![CDATA[kaushik.0407@gmail.com]]>
              </value>
            </param>
            <param index="1">
              <value>
                <![CDATA[K@ush1k92]]>
              </value>
            </param>
          </params>
          <reporter-output>
          </reporter-output>
        </test-method> <!-- beforeMethod -->
        <test-method status="PASS" signature="Test2(java.lang.String, java.lang.String, java.lang.String, java.lang.String)[pri:0, instance:com.selenium.test.SearchHotelTest@59ec2012]" name="Test2" duration-ms="392719" started-at="2019-12-28T07:48:08Z" data-provider="getTestdata" finished-at="2019-12-28T07:54:41Z">
          <params>
            <param index="0">
              <value>
                <![CDATA[Digha]]>
              </value>
            </param>
            <param index="1">
              <value>
                <![CDATA[01/02/2020]]>
              </value>
            </param>
            <param index="2">
              <value>
                <![CDATA[05/02/2020]]>
              </value>
            </param>
            <param index="3">
              <value>
                <![CDATA[1 room, 1 adult]]>
              </value>
            </param>
          </params>
          <reporter-output>
          </reporter-output>
        </test-method> <!-- Test2 -->
        <test-method status="PASS" signature="afterTest(org.testng.ITestResult)[pri:0, instance:com.selenium.test.SearchHotelTest@59ec2012]" name="afterTest" is-config="true" duration-ms="33990" started-at="2019-12-28T07:54:41Z" finished-at="2019-12-28T07:55:15Z">
          <params>
            <param index="0">
              <value>
                <![CDATA[[TestResult name=Test2 status=SUCCESS method=SearchHotelTest.Test2(java.lang.String, java.lang.String, java.lang.String, java.lang.String)[pri:0, instance:com.selenium.test.SearchHotelTest@59ec2012] output={null}]]]>
              </value>
            </param>
          </params>
          <reporter-output>
          </reporter-output>
        </test-method> <!-- afterTest -->
        <test-method status="PASS" signature="beforeMethod(java.lang.String, java.lang.String)[pri:0, instance:com.selenium.test.SearchHotelTest@59ec2012]" name="beforeMethod" is-config="true" duration-ms="24334" started-at="2019-12-28T07:55:15Z" finished-at="2019-12-28T07:55:39Z">
          <params>
            <param index="0">
              <value>
                <![CDATA[kaushik.0407@gmail.com]]>
              </value>
            </param>
            <param index="1">
              <value>
                <![CDATA[K@ush1k92]]>
              </value>
            </param>
          </params>
          <reporter-output>
          </reporter-output>
        </test-method> <!-- beforeMethod -->
        <test-method status="PASS" signature="Test2(java.lang.String, java.lang.String, java.lang.String, java.lang.String)[pri:0, instance:com.selenium.test.SearchHotelTest@59ec2012]" name="Test2" duration-ms="219729" started-at="2019-12-28T07:55:39Z" data-provider="getTestdata" finished-at="2019-12-28T07:59:19Z">
          <params>
            <param index="0">
              <value>
                <![CDATA[Puri]]>
              </value>
            </param>
            <param index="1">
              <value>
                <![CDATA[29/12/2019]]>
              </value>
            </param>
            <param index="2">
              <value>
                <![CDATA[05/01/2020]]>
              </value>
            </param>
            <param index="3">
              <value>
                <![CDATA[1 room, 2 adults]]>
              </value>
            </param>
          </params>
          <reporter-output>
          </reporter-output>
        </test-method> <!-- Test2 -->
        <test-method status="PASS" signature="afterTest(org.testng.ITestResult)[pri:0, instance:com.selenium.test.SearchHotelTest@59ec2012]" name="afterTest" is-config="true" duration-ms="35478" started-at="2019-12-28T07:59:19Z" finished-at="2019-12-28T07:59:54Z">
          <params>
            <param index="0">
              <value>
                <![CDATA[[TestResult name=Test2 status=SUCCESS method=SearchHotelTest.Test2(java.lang.String, java.lang.String, java.lang.String, java.lang.String)[pri:0, instance:com.selenium.test.SearchHotelTest@59ec2012] output={null}]]]>
              </value>
            </param>
          </params>
          <reporter-output>
          </reporter-output>
        </test-method> <!-- afterTest -->
        <test-method status="PASS" signature="afterMethod()[pri:0, instance:com.selenium.test.SearchHotelTest@59ec2012]" name="afterMethod" is-config="true" duration-ms="6341" started-at="2019-12-28T07:59:54Z" finished-at="2019-12-28T08:00:01Z">
          <reporter-output>
          </reporter-output>
        </test-method> <!-- afterMethod -->
      </class> <!-- com.selenium.test.SearchHotelTest -->
    </test> <!-- HotelSearchTest -->
  </suite> <!-- Suite -->
</testng-results>
