<?xml version="1.0" encoding="UTF-8"?>
<!-- Generated by org.testng.reporters.JUnitXMLReporter -->
<testsuite hostname="Kaushik-PC" ignored="0" name="HotelSearchTest" tests="3" failures="0" timestamp="28 Dec 2019 08:00:01 GMT" time="906.269" errors="0">
  <testcase name="Test2" time="86.362" classname="com.selenium.test.SearchHotelTest"/>
  <testcase name="Test2" time="392.719" classname="com.selenium.test.SearchHotelTest"/>
  <testcase name="Test2" time="219.729" classname="com.selenium.test.SearchHotelTest"/>
</testsuite> <!-- HotelSearchTest -->
