<?xml version="1.0" encoding="UTF-8"?>
<!-- Generated by org.testng.reporters.JUnitXMLReporter -->
<testsuite hostname="Kaushik-PC" ignored="0" name="RoundtripFlightSearchTest" tests="3" failures="0" timestamp="08 Feb 2020 15:22:05 GMT" time="483.686" errors="0">
  <testcase name="Test1" time="78.197" classname="com.selenium.test.RoundTripFlightSearchTest"/>
  <testcase name="Test1" time="96.313" classname="com.selenium.test.RoundTripFlightSearchTest"/>
  <testcase name="Test1" time="106.659" classname="com.selenium.test.RoundTripFlightSearchTest"/>
</testsuite> <!-- RoundtripFlightSearchTest -->
