<?xml version="1.0" encoding="UTF-8"?>
<!-- Generated by org.testng.reporters.JUnitXMLReporter -->
<testsuite hostname="Kaushik-PC" ignored="0" name="Test1" tests="4" failures="0" timestamp="26 Dec 2019 16:43:47 GMT" time="707.533" errors="0">
  <testcase name="Test1" time="101.154" classname="com.selenium.test.RoundTripFlightSearchTest"/>
  <testcase name="Test1" time="100.93" classname="com.selenium.test.RoundTripFlightSearchTest"/>
  <testcase name="Test1" time="110.719" classname="com.selenium.test.RoundTripFlightSearchTest"/>
  <testcase name="Test1" time="114.609" classname="com.selenium.test.RoundTripFlightSearchTest"/>
</testsuite> <!-- Test1 -->
