<?xml version="1.0" encoding="UTF-8"?>
<!-- Generated by org.testng.reporters.JUnitXMLReporter -->
<testsuite hostname="Kaushik-PC" ignored="0" name="Test2" tests="3" failures="0" timestamp="25 Dec 2019 19:18:37 GMT" time="1220.814" errors="0">
  <testcase name="Test2" time="98.14" classname="com.selenium.test.SearchHotelTest"/>
  <testcase name="Test2" time="442.972" classname="com.selenium.test.SearchHotelTest"/>
  <testcase name="Test2" time="479.864" classname="com.selenium.test.SearchHotelTest"/>
</testsuite> <!-- Test2 -->
